<?xml version="1.0" encoding="utf-8"?><testsuites name="pytest tests"><testsuite name="pytest" errors="0" failures="0" skipped="0" tests="46" time="57.476" timestamp="2026-03-20T21:48:23.940900+00:00" hostname="agent-env-5b2776a9-4808-4492-bfcc-91b45b025064"><testcase classname="tests.test_all_routers.TestMiscRoutes" name="test_root_returns_api_docs" time="0.160" /><testcase classname="tests.test_all_routers.TestMiscRoutes" name="test_health_check" time="0.101" /><testcase classname="tests.test_all_routers.TestMiscRoutes" name="test_seed_sample_data" time="0.111" /><testcase classname="tests.test_all_routers.TestAuthRouter" name="test_auth_me_requires_auth" time="0.121" /><testcase classname="tests.test_all_routers.TestAuthRouter" name="test_auth_me_returns_user" time="0.106" /><testcase classname="tests.test_all_routers.TestAuthRouter" name="test_auth_logout" time="0.107" /><testcase classname="tests.test_all_routers.TestKeysRouter" name="test_list_keys_requires_auth" time="0.100" /><testcase classname="tests.test_all_routers.TestKeysRouter" name="test_list_keys" time="0.114" /><testcase classname="tests.test_all_routers.TestKeysRouter" name="test_create_and_delete_key" time="0.227" /><testcase classname="tests.test_all_routers.TestAgentsRouter" name="test_list_agents_requires_auth" time="0.113" /><testcase classname="tests.test_all_routers.TestAgentsRouter" name="test_list_agents" time="0.106" /><testcase classname="tests.test_all_routers.TestAgentsRouter" name="test_agent_crud" time="0.234" /><testcase classname="tests.test_all_routers.TestWebhooksRouter" name="test_list_webhooks_requires_auth" time="0.121" /><testcase classname="tests.test_all_routers.TestWebhooksRouter" name="test_list_webhooks" time="0.101" /><testcase classname="tests.test_all_routers.TestWebhooksRouter" name="test_webhook_crud" time="0.284" /><testcase classname="tests.test_all_routers.TestWebhooksRouter" name="test_webhook_deliveries" time="0.129" /><testcase classname="tests.test_all_routers.TestWebhooksRouter" name="test_webhook_delivery_stats" time="0.106" /><testcase classname="tests.test_all_routers.TestSearchRouter" name="test_search_requires_api_key" time="0.105" /><testcase classname="tests.test_all_routers.TestSearchRouter" name="test_search_with_api_key" time="0.309" /><testcase classname="tests.test_all_routers.TestCrawlRouter" name="test_list_content_requires_auth" time="0.094" /><testcase classname="tests.test_all_routers.TestCrawlRouter" name="test_list_content" time="0.117" /><testcase classname="tests.test_all_routers.TestCrawlRouter" name="test_crawl_jobs" time="0.105" /><testcase classname="tests.test_all_routers.TestCrawlRouter" name="test_scheduled_crawls" time="0.113" /><testcase classname="tests.test_all_routers.TestCrawlRouter" name="test_crawl_history" time="0.109" /><testcase classname="tests.test_all_routers.TestCrawlRouter" name="test_crawl_history_stats" time="0.110" /><testcase classname="tests.test_all_routers.TestSourcesRouter" name="test_list_sources_requires_auth" time="0.111" /><testcase classname="tests.test_all_routers.TestSourcesRouter" name="test_list_sources" time="0.102" /><testcase classname="tests.test_all_routers.TestAnalyticsRouter" name="test_usage_stats_requires_auth" time="0.101" /><testcase classname="tests.test_all_routers.TestAnalyticsRouter" name="test_usage_stats" time="0.105" /><testcase classname="tests.test_all_routers.TestAnalyticsRouter" name="test_recent_usage" time="19.868" /><testcase classname="tests.test_all_routers.TestRulesRouter" name="test_list_rules_requires_auth" time="11.318" /><testcase classname="tests.test_all_routers.TestRulesRouter" name="test_list_rules" time="0.188" /><testcase classname="tests.test_all_routers.TestRulesRouter" name="test_rule_crud" time="19.966" /><testcase classname="tests.test_all_routers.TestRulesRouter" name="test_duplicate_domain_rule_rejected" time="0.244" /><testcase classname="tests.test_all_routers.TestRankingRouter" name="test_list_ranking_requires_auth" time="0.113" /><testcase classname="tests.test_all_routers.TestRankingRouter" name="test_list_ranking" time="0.097" /><testcase classname="tests.test_all_routers.TestRankingRouter" name="test_ranking_crud" time="0.252" /><testcase classname="tests.test_all_routers.TestOrgsRouter" name="test_list_orgs_requires_auth" time="0.107" /><testcase classname="tests.test_all_routers.TestOrgsRouter" name="test_list_orgs" time="0.126" /><testcase classname="tests.test_all_routers.TestOrgsRouter" name="test_pending_invites_path_conflict" time="0.104" /><testcase classname="tests.test_all_routers.TestOrgsRouter" name="test_org_crud" time="0.267" /><testcase classname="tests.test_all_routers.TestBillingRouter" name="test_billing_plans_public" time="0.102" /><testcase classname="tests.test_all_routers.TestBillingRouter" name="test_billing_usage_requires_auth" time="0.113" /><testcase classname="tests.test_all_routers.TestBillingRouter" name="test_billing_usage" time="0.122" /><testcase classname="tests.test_all_routers.TestBillingRouter" name="test_billing_transactions" time="0.125" /><testcase classname="tests.test_all_routers.TestCleanup" name="test_cleanup_test_data" time="0.387" /></testsuite></testsuites>