<?xml version="1.0" encoding="utf-8"?><testsuites name="pytest tests"><testsuite name="pytest" errors="0" failures="2" skipped="1" tests="23" time="5.320" timestamp="2026-03-20T20:40:03.917886+00:00" hostname="agent-env-ff192074-3ea1-4e97-bade-910980b6a353"><testcase classname="backend.tests.test_billing.TestBillingPlans" name="test_get_plans_returns_4_plans" time="0.285" /><testcase classname="backend.tests.test_billing.TestBillingPlans" name="test_plans_have_correct_structure" time="0.151" /><testcase classname="backend.tests.test_billing.TestBillingPlans" name="test_plans_have_correct_prices" time="0.112" /><testcase classname="backend.tests.test_billing.TestBillingPlans" name="test_plans_have_correct_credits" time="0.117" /><testcase classname="backend.tests.test_billing.TestBillingUsage" name="test_usage_requires_auth" time="0.140" /><testcase classname="backend.tests.test_billing.TestBillingUsage" name="test_usage_returns_credit_info" time="0.136" /><testcase classname="backend.tests.test_billing.TestBillingUsage" name="test_new_user_gets_free_plan" time="0.118" /><testcase classname="backend.tests.test_billing.TestBillingCheckout" name="test_checkout_requires_auth" time="0.147" /><testcase classname="backend.tests.test_billing.TestBillingCheckout" name="test_checkout_rejects_free_plan" time="0.156" /><testcase classname="backend.tests.test_billing.TestBillingCheckout" name="test_checkout_rejects_invalid_plan" time="0.118" /><testcase classname="backend.tests.test_billing.TestBillingCheckout" name="test_checkout_creates_session_for_starter" time="0.703" /><testcase classname="backend.tests.test_billing.TestBillingCheckout" name="test_checkout_creates_session_for_growth" time="0.490" /><testcase classname="backend.tests.test_billing.TestBillingCheckout" name="test_checkout_creates_session_for_scale" time="0.495" /><testcase classname="backend.tests.test_billing.TestCheckoutStatus" name="test_status_requires_auth" time="0.129" /><testcase classname="backend.tests.test_billing.TestCheckoutStatus" name="test_status_returns_404_for_invalid_session" time="0.291"><failure message="AssertionError: Expected 404 for invalid session, got 500&#10;assert 500 == 404&#10; +  where 500 = &lt;Response [500]&gt;.status_code">backend/tests/test_billing.py:206: in test_status_returns_404_for_invalid_session
    assert response.status_code == 404, f"Expected 404 for invalid session, got {response.status_code}"
E   AssertionError: Expected 404 for invalid session, got 500
E   assert 500 == 404
E    +  where 500 = &lt;Response [500]&gt;.status_code</failure></testcase><testcase classname="backend.tests.test_billing.TestBillingTransactions" name="test_transactions_requires_auth" time="0.148" /><testcase classname="backend.tests.test_billing.TestBillingTransactions" name="test_transactions_returns_list" time="0.161" /><testcase classname="backend.tests.test_billing.TestStripeWebhook" name="test_webhook_endpoint_exists" time="0.108" /><testcase classname="backend.tests.test_billing.TestCreditDeduction" name="test_create_api_key_for_credit_testing" time="0.138" /><testcase classname="backend.tests.test_billing.TestCreditDeduction" name="test_search_deducts_credit" time="0.520" /><testcase classname="backend.tests.test_billing.TestCreditDeduction" name="test_crawl_deducts_credit" time="0.274"><failure message="AssertionError: Crawl failed: 400: {&quot;detail&quot;:&quot;Failed to crawl URL: [SSL: CERTIFICATE_VERIFY_FAILED] certificate verify failed: unable to get local issuer certificate (_ssl.c:1016)&quot;}&#10;assert 400 == 200&#10; +  where 400 = &lt;Response [400]&gt;.status_code">backend/tests/test_billing.py:306: in test_crawl_deducts_credit
    assert crawl_response.status_code == 200, f"Crawl failed: {crawl_response.status_code}: {crawl_response.text}"
E   AssertionError: Crawl failed: 400: {"detail":"Failed to crawl URL: [SSL: CERTIFICATE_VERIFY_FAILED] certificate verify failed: unable to get local issuer certificate (_ssl.c:1016)"}
E   assert 400 == 200
E    +  where 400 = &lt;Response [400]&gt;.status_code</failure></testcase><testcase classname="backend.tests.test_billing.TestCreditBlock" name="test_402_when_no_credits" time="0.000"><skipped type="pytest.skip" message="Requires dedicated test user with 0 credits - manual verification needed">/app/backend/tests/test_billing.py:324: Requires dedicated test user with 0 credits - manual verification needed</skipped></testcase><testcase classname="backend.tests.test_billing.TestCleanup" name="test_cleanup_test_api_keys" time="0.168" /></testsuite></testsuites>