<?xml version="1.0" encoding="utf-8"?><testsuites name="pytest tests"><testsuite name="pytest" errors="0" failures="1" skipped="1" tests="25" time="4.775" timestamp="2026-03-20T20:56:23.589017+00:00" hostname="agent-env-ff192074-3ea1-4e97-bade-910980b6a353"><testcase classname="tests.test_billing.TestBillingPlans" name="test_get_plans_returns_5_plans" time="0.157" /><testcase classname="tests.test_billing.TestBillingPlans" name="test_plans_have_correct_structure" time="0.105" /><testcase classname="tests.test_billing.TestBillingPlans" name="test_plans_have_correct_prices" time="0.111" /><testcase classname="tests.test_billing.TestBillingPlans" name="test_plans_have_correct_credits" time="0.123" /><testcase classname="tests.test_billing.TestBillingPlans" name="test_enterprise_plan_has_custom_price" time="0.121" /><testcase classname="tests.test_billing.TestBillingUsage" name="test_usage_requires_auth" time="0.106" /><testcase classname="tests.test_billing.TestBillingUsage" name="test_usage_returns_credit_info" time="0.109" /><testcase classname="tests.test_billing.TestBillingUsage" name="test_new_user_gets_free_plan" time="0.108" /><testcase classname="tests.test_billing.TestBillingCheckout" name="test_checkout_requires_auth" time="0.120" /><testcase classname="tests.test_billing.TestBillingCheckout" name="test_checkout_rejects_free_plan" time="0.380" /><testcase classname="tests.test_billing.TestBillingCheckout" name="test_checkout_rejects_invalid_plan" time="0.116" /><testcase classname="tests.test_billing.TestBillingCheckout" name="test_checkout_rejects_enterprise_plan" time="0.121" /><testcase classname="tests.test_billing.TestBillingCheckout" name="test_checkout_creates_session_for_starter" time="0.603" /><testcase classname="tests.test_billing.TestBillingCheckout" name="test_checkout_creates_session_for_growth" time="0.462" /><testcase classname="tests.test_billing.TestBillingCheckout" name="test_checkout_creates_session_for_scale" time="0.486" /><testcase classname="tests.test_billing.TestCheckoutStatus" name="test_status_requires_auth" time="0.101" /><testcase classname="tests.test_billing.TestCheckoutStatus" name="test_status_returns_404_for_invalid_session" time="0.105" /><testcase classname="tests.test_billing.TestBillingTransactions" name="test_transactions_requires_auth" time="0.108" /><testcase classname="tests.test_billing.TestBillingTransactions" name="test_transactions_returns_list" time="0.117" /><testcase classname="tests.test_billing.TestStripeWebhook" name="test_webhook_endpoint_exists" time="0.122" /><testcase classname="tests.test_billing.TestCreditDeduction" name="test_create_api_key_for_credit_testing" time="0.110" /><testcase classname="tests.test_billing.TestCreditDeduction" name="test_search_deducts_credit" time="0.366" /><testcase classname="tests.test_billing.TestCreditDeduction" name="test_crawl_deducts_credit" time="0.231"><failure message="AssertionError: Crawl failed: 400: {&quot;detail&quot;:&quot;Failed to crawl URL: [SSL: CERTIFICATE_VERIFY_FAILED] certificate verify failed: unable to get local issuer certificate (_ssl.c:1016)&quot;}&#10;assert 400 == 200&#10; +  where 400 = &lt;Response [400]&gt;.status_code">tests/test_billing.py:329: in test_crawl_deducts_credit
    assert crawl_response.status_code == 200, f"Crawl failed: {crawl_response.status_code}: {crawl_response.text}"
E   AssertionError: Crawl failed: 400: {"detail":"Failed to crawl URL: [SSL: CERTIFICATE_VERIFY_FAILED] certificate verify failed: unable to get local issuer certificate (_ssl.c:1016)"}
E   assert 400 == 200
E    +  where 400 = &lt;Response [400]&gt;.status_code</failure></testcase><testcase classname="tests.test_billing.TestCreditBlock" name="test_402_when_no_credits" time="0.000"><skipped type="pytest.skip" message="Requires dedicated test user with 0 credits - manual verification needed">/app/backend/tests/test_billing.py:347: Requires dedicated test user with 0 credits - manual verification needed</skipped></testcase><testcase classname="tests.test_billing.TestCleanup" name="test_cleanup_test_api_keys" time="0.169" /></testsuite></testsuites>