<?xml version="1.0" encoding="utf-8"?><testsuites name="pytest tests"><testsuite name="pytest" errors="0" failures="0" skipped="0" tests="23" time="3.428" timestamp="2026-03-20T22:42:40.020933+00:00" hostname="agent-env-5b2776a9-4808-4492-bfcc-91b45b025064"><testcase classname="tests.test_notifications_autorecharge.TestRechargePacks" name="test_get_recharge_packs_returns_three_packs" time="0.167" /><testcase classname="tests.test_notifications_autorecharge.TestRechargePacks" name="test_recharge_packs_have_correct_structure" time="0.133" /><testcase classname="tests.test_notifications_autorecharge.TestRechargePacks" name="test_recharge_packs_correct_values" time="0.181" /><testcase classname="tests.test_notifications_autorecharge.TestBillingSettings" name="test_get_settings_requires_auth" time="0.141" /><testcase classname="tests.test_notifications_autorecharge.TestBillingSettings" name="test_get_settings_returns_correct_structure" time="0.210" /><testcase classname="tests.test_notifications_autorecharge.TestBillingSettings" name="test_get_settings_user_with_stripe_has_payment_method" time="0.112" /><testcase classname="tests.test_notifications_autorecharge.TestBillingSettings" name="test_get_settings_user_without_stripe_no_payment_method" time="0.120" /><testcase classname="tests.test_notifications_autorecharge.TestBillingSettings" name="test_put_settings_requires_auth" time="0.153" /><testcase classname="tests.test_notifications_autorecharge.TestBillingSettings" name="test_put_settings_rejects_invalid_pack_id" time="0.107" /><testcase classname="tests.test_notifications_autorecharge.TestBillingSettings" name="test_put_settings_requires_payment_method_to_enable" time="0.107" /><testcase classname="tests.test_notifications_autorecharge.TestBillingSettings" name="test_put_settings_can_enable_with_payment_method" time="0.176" /><testcase classname="tests.test_notifications_autorecharge.TestBillingSettings" name="test_put_settings_can_disable_auto_recharge" time="0.156" /><testcase classname="tests.test_notifications_autorecharge.TestBillingSettings" name="test_put_settings_validates_all_pack_ids" time="0.209" /><testcase classname="tests.test_notifications_autorecharge.TestNotifications" name="test_get_notifications_requires_auth" time="0.099" /><testcase classname="tests.test_notifications_autorecharge.TestNotifications" name="test_get_notifications_returns_correct_structure" time="0.105" /><testcase classname="tests.test_notifications_autorecharge.TestNotifications" name="test_get_notifications_unread_only_filter" time="0.104" /><testcase classname="tests.test_notifications_autorecharge.TestNotifications" name="test_mark_notification_read_requires_auth" time="0.114" /><testcase classname="tests.test_notifications_autorecharge.TestNotifications" name="test_mark_notification_read_nonexistent" time="0.101" /><testcase classname="tests.test_notifications_autorecharge.TestNotifications" name="test_mark_all_read_requires_auth" time="0.102" /><testcase classname="tests.test_notifications_autorecharge.TestNotifications" name="test_mark_all_read_returns_count" time="0.138" /><testcase classname="tests.test_notifications_autorecharge.TestUsageAlertNotification" name="test_usage_alert_created_at_80_percent" time="0.112" /><testcase classname="tests.test_notifications_autorecharge.TestAutoRechargeLogic" name="test_auto_recharge_requires_stripe_customer" time="0.175" /><testcase classname="tests.test_notifications_autorecharge.TestNotificationIntegration" name="test_notification_workflow" time="0.304" /></testsuite></testsuites>