<?xml version="1.0" encoding="utf-8"?><testsuites name="pytest tests"><testsuite name="pytest" errors="0" failures="0" skipped="1" tests="22" time="5.234" timestamp="2026-03-20T04:55:28.711101+00:00" hostname="agent-env-ff192074-3ea1-4e97-bade-910980b6a353"><testcase classname="backend.tests.test_new_features.TestHealthAndAuth" name="test_health_endpoint" time="3.612" /><testcase classname="backend.tests.test_new_features.TestHealthAndAuth" name="test_auth_me" time="0.048" /><testcase classname="backend.tests.test_new_features.TestCrawlRulesCRUD" name="test_list_rules_empty" time="0.045" /><testcase classname="backend.tests.test_new_features.TestCrawlRulesCRUD" name="test_create_rule" time="0.062" /><testcase classname="backend.tests.test_new_features.TestCrawlRulesCRUD" name="test_get_rule" time="0.046" /><testcase classname="backend.tests.test_new_features.TestCrawlRulesCRUD" name="test_update_rule" time="0.090" /><testcase classname="backend.tests.test_new_features.TestCrawlRulesCRUD" name="test_delete_rule" time="0.086" /><testcase classname="backend.tests.test_new_features.TestSearchRankingCRUD" name="test_list_ranking_empty" time="0.048" /><testcase classname="backend.tests.test_new_features.TestSearchRankingCRUD" name="test_create_ranking_config" time="0.054" /><testcase classname="backend.tests.test_new_features.TestSearchRankingCRUD" name="test_get_ranking_config" time="0.045" /><testcase classname="backend.tests.test_new_features.TestSearchRankingCRUD" name="test_update_ranking_config" time="0.091" /><testcase classname="backend.tests.test_new_features.TestSearchRankingCRUD" name="test_delete_ranking_config" time="0.124" /><testcase classname="backend.tests.test_new_features.TestOrganizationsCRUD" name="test_list_orgs_empty" time="0.043" /><testcase classname="backend.tests.test_new_features.TestOrganizationsCRUD" name="test_pending_invites_route" time="0.043" /><testcase classname="backend.tests.test_new_features.TestOrganizationsCRUD" name="test_create_organization" time="0.061" /><testcase classname="backend.tests.test_new_features.TestOrganizationsCRUD" name="test_get_organization" time="0.047" /><testcase classname="backend.tests.test_new_features.TestOrganizationsCRUD" name="test_list_org_members" time="0.047" /><testcase classname="backend.tests.test_new_features.TestOrganizationsCRUD" name="test_invite_member" time="0.052" /><testcase classname="backend.tests.test_new_features.TestOrganizationsCRUD" name="test_delete_organization" time="0.123" /><testcase classname="backend.tests.test_new_features.TestEdgeCases" name="test_duplicate_domain_rule" time="0.130" /><testcase classname="backend.tests.test_new_features.TestEdgeCases" name="test_default_ranking_config" time="0.261" /><testcase classname="backend.tests.test_new_features.TestEdgeCases" name="test_non_owner_cannot_delete_org" time="0.000"><skipped type="pytest.skip" message="Requires second user for this test">/app/backend/tests/test_new_features.py:430: Requires second user for this test</skipped></testcase></testsuite></testsuites>