<?xml version="1.0" encoding="utf-8"?><testsuites name="pytest tests"><testsuite name="pytest" errors="0" failures="0" skipped="0" tests="30" time="4.355" timestamp="2026-03-20T22:30:44.791380+00:00" hostname="agent-env-5b2776a9-4808-4492-bfcc-91b45b025064"><testcase classname="backend.tests.test_subscription_billing.TestBillingPlans" name="test_get_plans_returns_5_plans" time="0.180" /><testcase classname="backend.tests.test_subscription_billing.TestBillingPlans" name="test_plans_have_correct_prices" time="0.141" /><testcase classname="backend.tests.test_subscription_billing.TestBillingUsage" name="test_usage_requires_auth" time="0.102" /><testcase classname="backend.tests.test_subscription_billing.TestBillingUsage" name="test_usage_returns_subscription_fields" time="0.110" /><testcase classname="backend.tests.test_subscription_billing.TestBillingCheckout" name="test_checkout_requires_auth" time="0.111" /><testcase classname="backend.tests.test_subscription_billing.TestBillingCheckout" name="test_checkout_rejects_free_plan" time="0.121" /><testcase classname="backend.tests.test_subscription_billing.TestBillingCheckout" name="test_checkout_rejects_enterprise_plan" time="0.102" /><testcase classname="backend.tests.test_subscription_billing.TestBillingCheckout" name="test_checkout_rejects_invalid_plan" time="0.105" /><testcase classname="backend.tests.test_subscription_billing.TestBillingCheckout" name="test_checkout_requires_plan_id" time="0.102" /><testcase classname="backend.tests.test_subscription_billing.TestBillingCheckout" name="test_checkout_requires_origin_url" time="0.149" /><testcase classname="backend.tests.test_subscription_billing.TestBillingCheckout" name="test_checkout_creates_session_for_starter" time="0.435" /><testcase classname="backend.tests.test_subscription_billing.TestCheckoutStatus" name="test_status_requires_auth" time="0.133" /><testcase classname="backend.tests.test_subscription_billing.TestCheckoutStatus" name="test_status_returns_404_for_invalid_session" time="0.113" /><testcase classname="backend.tests.test_subscription_billing.TestChangePlan" name="test_change_plan_requires_auth" time="0.149" /><testcase classname="backend.tests.test_subscription_billing.TestChangePlan" name="test_change_plan_rejects_without_subscription" time="0.102" /><testcase classname="backend.tests.test_subscription_billing.TestChangePlan" name="test_change_plan_rejects_free_plan" time="0.115" /><testcase classname="backend.tests.test_subscription_billing.TestChangePlan" name="test_change_plan_rejects_enterprise_plan" time="0.144" /><testcase classname="backend.tests.test_subscription_billing.TestChangePlan" name="test_change_plan_rejects_invalid_plan" time="0.117" /><testcase classname="backend.tests.test_subscription_billing.TestCancelSubscription" name="test_cancel_requires_auth" time="0.162" /><testcase classname="backend.tests.test_subscription_billing.TestCancelSubscription" name="test_cancel_rejects_without_subscription" time="0.120" /><testcase classname="backend.tests.test_subscription_billing.TestSubscriptionInfo" name="test_subscription_requires_auth" time="0.108" /><testcase classname="backend.tests.test_subscription_billing.TestSubscriptionInfo" name="test_subscription_returns_info_for_free_user" time="0.113" /><testcase classname="backend.tests.test_subscription_billing.TestTransactions" name="test_transactions_requires_auth" time="0.122" /><testcase classname="backend.tests.test_subscription_billing.TestTransactions" name="test_transactions_returns_list" time="0.123" /><testcase classname="backend.tests.test_subscription_billing.TestStripeWebhook" name="test_webhook_endpoint_exists" time="0.138" /><testcase classname="backend.tests.test_subscription_billing.TestStripeWebhook" name="test_webhook_handles_checkout_completed_event" time="0.112" /><testcase classname="backend.tests.test_subscription_billing.TestStripeWebhook" name="test_webhook_handles_invoice_paid_event" time="0.105" /><testcase classname="backend.tests.test_subscription_billing.TestStripeWebhook" name="test_webhook_handles_subscription_updated_event" time="0.124" /><testcase classname="backend.tests.test_subscription_billing.TestStripeWebhook" name="test_webhook_handles_subscription_deleted_event" time="0.106" /><testcase classname="backend.tests.test_subscription_billing.TestBillingIntegration" name="test_full_billing_flow_validation" time="0.376" /></testsuite></testsuites>